{"E:\\PORTFOLIO\\REACT\\nlw-return-feedget\\server\\src\\use-cases\\create-feedback-use-case.ts": {"path":"E:\\PORTFOLIO\\REACT\\nlw-return-feedget\\server\\src\\use-cases\\create-feedback-use-case.ts","all":false,"statementMap":{"0":{"start":{"line":1,"column":0},"end":{"line":1,"column":54}},"1":{"start":{"line":2,"column":0},"end":{"line":2,"column":76}},"2":{"start":{"line":3,"column":0},"end":{"line":3,"column":0}},"3":{"start":{"line":4,"column":0},"end":{"line":4,"column":38}},"4":{"start":{"line":5,"column":0},"end":{"line":5,"column":15}},"5":{"start":{"line":6,"column":0},"end":{"line":6,"column":18}},"6":{"start":{"line":7,"column":0},"end":{"line":7,"column":34}},"7":{"start":{"line":8,"column":0},"end":{"line":8,"column":1}},"8":{"start":{"line":9,"column":0},"end":{"line":9,"column":0}},"9":{"start":{"line":10,"column":0},"end":{"line":10,"column":36}},"10":{"start":{"line":11,"column":0},"end":{"line":11,"column":14}},"11":{"start":{"line":12,"column":0},"end":{"line":12,"column":62}},"12":{"start":{"line":13,"column":0},"end":{"line":13,"column":45}},"13":{"start":{"line":14,"column":0},"end":{"line":14,"column":7}},"14":{"start":{"line":15,"column":0},"end":{"line":15,"column":0}},"15":{"start":{"line":16,"column":0},"end":{"line":16,"column":54}},"16":{"start":{"line":17,"column":0},"end":{"line":17,"column":50}},"17":{"start":{"line":18,"column":0},"end":{"line":18,"column":0}},"18":{"start":{"line":19,"column":0},"end":{"line":19,"column":16}},"19":{"start":{"line":20,"column":0},"end":{"line":20,"column":42}},"20":{"start":{"line":21,"column":0},"end":{"line":21,"column":5}},"21":{"start":{"line":22,"column":0},"end":{"line":22,"column":0}},"22":{"start":{"line":23,"column":0},"end":{"line":23,"column":19}},"23":{"start":{"line":24,"column":0},"end":{"line":24,"column":45}},"24":{"start":{"line":25,"column":0},"end":{"line":25,"column":5}},"25":{"start":{"line":26,"column":0},"end":{"line":26,"column":0}},"26":{"start":{"line":27,"column":0},"end":{"line":27,"column":21}},"27":{"start":{"line":28,"column":0},"end":{"line":28,"column":68}},"28":{"start":{"line":29,"column":0},"end":{"line":29,"column":93}},"29":{"start":{"line":30,"column":0},"end":{"line":30,"column":77}},"30":{"start":{"line":31,"column":0},"end":{"line":31,"column":0}},"31":{"start":{"line":32,"column":0},"end":{"line":32,"column":67}},"32":{"start":{"line":33,"column":0},"end":{"line":33,"column":46}},"33":{"start":{"line":34,"column":0},"end":{"line":34,"column":7}},"34":{"start":{"line":35,"column":0},"end":{"line":35,"column":5}},"35":{"start":{"line":36,"column":0},"end":{"line":36,"column":0}},"36":{"start":{"line":37,"column":0},"end":{"line":37,"column":43}},"37":{"start":{"line":38,"column":0},"end":{"line":38,"column":11}},"38":{"start":{"line":39,"column":0},"end":{"line":39,"column":14}},"39":{"start":{"line":40,"column":0},"end":{"line":40,"column":17}},"40":{"start":{"line":41,"column":0},"end":{"line":41,"column":7}},"41":{"start":{"line":42,"column":0},"end":{"line":42,"column":0}},"42":{"start":{"line":43,"column":0},"end":{"line":43,"column":37}},"43":{"start":{"line":44,"column":0},"end":{"line":44,"column":31}},"44":{"start":{"line":45,"column":0},"end":{"line":45,"column":13}},"45":{"start":{"line":46,"column":0},"end":{"line":46,"column":79}},"46":{"start":{"line":47,"column":0},"end":{"line":47,"column":29}},"47":{"start":{"line":48,"column":0},"end":{"line":48,"column":83}},"48":{"start":{"line":49,"column":0},"end":{"line":49,"column":169}},"49":{"start":{"line":50,"column":0},"end":{"line":50,"column":15}},"50":{"start":{"line":51,"column":0},"end":{"line":51,"column":15}},"51":{"start":{"line":52,"column":0},"end":{"line":52,"column":43}},"52":{"start":{"line":53,"column":0},"end":{"line":53,"column":40}},"53":{"start":{"line":54,"column":0},"end":{"line":54,"column":116}},"54":{"start":{"line":55,"column":0},"end":{"line":55,"column":17}},"55":{"start":{"line":56,"column":0},"end":{"line":56,"column":19}},"56":{"start":{"line":57,"column":0},"end":{"line":57,"column":7}},"57":{"start":{"line":58,"column":0},"end":{"line":58,"column":3}},"58":{"start":{"line":59,"column":0},"end":{"line":59,"column":1}}},"s":{"0":1,"1":1,"2":1,"3":1,"4":1,"5":1,"6":1,"7":1,"8":1,"9":1,"10":1,"11":10,"12":10,"13":10,"14":1,"15":1,"16":10,"17":10,"18":10,"19":2,"20":2,"21":8,"22":10,"23":1,"24":1,"25":7,"26":10,"27":6,"28":6,"29":6,"30":6,"31":6,"32":2,"33":2,"34":6,"35":5,"36":5,"37":5,"38":5,"39":5,"40":5,"41":4,"42":4,"43":4,"44":4,"45":4,"46":4,"47":4,"48":4,"49":4,"50":4,"51":4,"52":4,"53":10,"54":10,"55":10,"56":10,"57":4,"58":1},"branchMap":{"0":{"type":"branch","line":11,"loc":{"start":{"line":11,"column":2},"end":{"line":14,"column":7}},"locations":[{"start":{"line":11,"column":2},"end":{"line":14,"column":7}}]},"1":{"type":"branch","line":16,"loc":{"start":{"line":16,"column":2},"end":{"line":58,"column":3}},"locations":[{"start":{"line":16,"column":2},"end":{"line":58,"column":3}}]},"2":{"type":"branch","line":19,"loc":{"start":{"line":19,"column":15},"end":{"line":21,"column":5}},"locations":[{"start":{"line":19,"column":15},"end":{"line":21,"column":5}}]},"3":{"type":"branch","line":22,"loc":{"start":{"line":22,"column":-1},"end":{"line":23,"column":18}},"locations":[{"start":{"line":22,"column":-1},"end":{"line":23,"column":18}}]},"4":{"type":"branch","line":23,"loc":{"start":{"line":23,"column":18},"end":{"line":25,"column":5}},"locations":[{"start":{"line":23,"column":18},"end":{"line":25,"column":5}}]},"5":{"type":"branch","line":26,"loc":{"start":{"line":26,"column":-1},"end":{"line":27,"column":20}},"locations":[{"start":{"line":26,"column":-1},"end":{"line":27,"column":20}}]},"6":{"type":"branch","line":27,"loc":{"start":{"line":27,"column":20},"end":{"line":35,"column":5}},"locations":[{"start":{"line":27,"column":20},"end":{"line":35,"column":5}}]},"7":{"type":"branch","line":32,"loc":{"start":{"line":32,"column":27},"end":{"line":32,"column":64}},"locations":[{"start":{"line":32,"column":27},"end":{"line":32,"column":64}}]},"8":{"type":"branch","line":32,"loc":{"start":{"line":32,"column":66},"end":{"line":34,"column":7}},"locations":[{"start":{"line":32,"column":66},"end":{"line":34,"column":7}}]},"9":{"type":"branch","line":36,"loc":{"start":{"line":36,"column":-1},"end":{"line":41,"column":7}},"locations":[{"start":{"line":36,"column":-1},"end":{"line":41,"column":7}}]},"10":{"type":"branch","line":42,"loc":{"start":{"line":42,"column":-1},"end":{"line":54,"column":21}},"locations":[{"start":{"line":42,"column":-1},"end":{"line":54,"column":21}}]},"11":{"type":"branch","line":54,"loc":{"start":{"line":54,"column":18},"end":{"line":54,"column":108}},"locations":[{"start":{"line":54,"column":18},"end":{"line":54,"column":108}}]},"12":{"type":"branch","line":54,"loc":{"start":{"line":54,"column":108},"end":{"line":54,"column":115}},"locations":[{"start":{"line":54,"column":108},"end":{"line":54,"column":115}}]},"13":{"type":"branch","line":58,"loc":{"start":{"line":58,"column":-1},"end":{"line":58,"column":3}},"locations":[{"start":{"line":58,"column":-1},"end":{"line":58,"column":3}}]}},"b":{"0":[10],"1":[10],"2":[2],"3":[8],"4":[1],"5":[7],"6":[6],"7":[5],"8":[2],"9":[5],"10":[4],"11":[3],"12":[1],"13":[4]},"fnMap":{"0":{"name":"CreateFeedbackUseCase","decl":{"start":{"line":11,"column":2},"end":{"line":14,"column":7}},"loc":{"start":{"line":11,"column":2},"end":{"line":14,"column":7}},"line":11},"1":{"name":"execute","decl":{"start":{"line":16,"column":2},"end":{"line":58,"column":3}},"loc":{"start":{"line":16,"column":2},"end":{"line":58,"column":3}},"line":16}},"f":{"0":10,"1":10}}
}
