TN:
SF:src\use-cases\create-feedback-use-case.ts
FN:11,CreateFeedbackUseCase
FN:16,execute
FNF:2
FNH:2
FNDA:10,CreateFeedbackUseCase
FNDA:10,execute
DA:1,1
DA:2,1
DA:3,1
DA:4,1
DA:5,1
DA:6,1
DA:7,1
DA:8,1
DA:9,1
DA:10,1
DA:11,1
DA:12,10
DA:13,10
DA:14,10
DA:15,1
DA:16,1
DA:17,10
DA:18,10
DA:19,10
DA:20,2
DA:21,2
DA:22,8
DA:23,10
DA:24,1
DA:25,1
DA:26,7
DA:27,10
DA:28,6
DA:29,6
DA:30,6
DA:31,6
DA:32,6
DA:33,2
DA:34,2
DA:35,6
DA:36,5
DA:37,5
DA:38,5
DA:39,5
DA:40,5
DA:41,5
DA:42,4
DA:43,4
DA:44,4
DA:45,4
DA:46,4
DA:47,4
DA:48,4
DA:49,4
DA:50,4
DA:51,4
DA:52,4
DA:53,4
DA:54,10
DA:55,10
DA:56,10
DA:57,10
DA:58,4
DA:59,1
LF:59
LH:59
BRDA:11,0,0,10
BRDA:16,1,0,10
BRDA:19,2,0,2
BRDA:22,3,0,8
BRDA:23,4,0,1
BRDA:26,5,0,7
BRDA:27,6,0,6
BRDA:32,7,0,5
BRDA:32,8,0,2
BRDA:36,9,0,5
BRDA:42,10,0,4
BRDA:54,11,0,3
BRDA:54,12,0,1
BRDA:58,13,0,4
BRF:14
BRH:14
end_of_record
